
*** Running vivado
    with args -log tb_alu.vds -m64 -product Vivado -mode batch -messageDb vivado.pb -notrace -source tb_alu.tcl


****** Vivado v2018.3 (64-bit)
  **** SW Build 2405991 on Thu Dec  6 23:38:27 MST 2018
  **** IP Build 2404404 on Fri Dec  7 01:43:56 MST 2018
    ** Copyright 1986-2018 Xilinx, Inc. All Rights Reserved.

source tb_alu.tcl -notrace
Command: synth_design -top tb_alu -part xc7a35tcpg236-1
Starting synth_design
Attempting to get a license for feature 'Synthesis' and/or device 'xc7a35t'
INFO: [Common 17-349] Got license for feature 'Synthesis' and/or device 'xc7a35t'
INFO: Launching helper process for spawning children vivado processes
INFO: Helper process launched with PID 13288 
---------------------------------------------------------------------------------
Starting RTL Elaboration : Time (s): cpu = 00:00:12 ; elapsed = 00:00:12 . Memory (MB): peak = 348.695 ; gain = 101.297
---------------------------------------------------------------------------------
INFO: [Synth 8-6157] synthesizing module 'tb_alu' [C:/Users/leste/Downloads/Tarea_06-03-2019/testbench.v:3]
INFO: [Synth 8-6157] synthesizing module 'alu' [C:/Users/leste/Downloads/Tarea_06-03-2019/ALU.v:1]
INFO: [Synth 8-226] default block is never used [C:/Users/leste/Downloads/Tarea_06-03-2019/ALU.v:14]
INFO: [Synth 8-6155] done synthesizing module 'alu' (1#1) [C:/Users/leste/Downloads/Tarea_06-03-2019/ALU.v:1]
INFO: [Synth 8-6155] done synthesizing module 'tb_alu' (2#1) [C:/Users/leste/Downloads/Tarea_06-03-2019/testbench.v:3]
---------------------------------------------------------------------------------
Finished RTL Elaboration : Time (s): cpu = 00:00:15 ; elapsed = 00:00:16 . Memory (MB): peak = 404.895 ; gain = 157.496
---------------------------------------------------------------------------------

Report Check Netlist: 
+------+------------------+-------+---------+-------+------------------+
|      |Item              |Errors |Warnings |Status |Description       |
+------+------------------+-------+---------+-------+------------------+
|1     |multi_driven_nets |      0|        0|Passed |Multi driven nets |
+------+------------------+-------+---------+-------+------------------+
---------------------------------------------------------------------------------
Start Handling Custom Attributes
---------------------------------------------------------------------------------
---------------------------------------------------------------------------------
Finished Handling Custom Attributes : Time (s): cpu = 00:00:15 ; elapsed = 00:00:17 . Memory (MB): peak = 404.895 ; gain = 157.496
---------------------------------------------------------------------------------
---------------------------------------------------------------------------------
Finished RTL Optimization Phase 1 : Time (s): cpu = 00:00:15 ; elapsed = 00:00:17 . Memory (MB): peak = 404.895 ; gain = 157.496
---------------------------------------------------------------------------------
INFO: [Device 21-403] Loading part xc7a35tcpg236-1
INFO: [Project 1-570] Preparing netlist for logic optimization

Processing XDC Constraints
Initializing timing engine
Parsing XDC File [C:/Users/leste/Downloads/basys3_labs-master/project_alu_basys3/const_top_basys3.xdc]
WARNING: [Vivado 12-584] No ports matched 'clk'. [C:/Users/leste/Downloads/basys3_labs-master/project_alu_basys3/const_top_basys3.xdc:3]
CRITICAL WARNING: [Common 17-55] 'set_property' expects at least one object. [C:/Users/leste/Downloads/basys3_labs-master/project_alu_basys3/const_top_basys3.xdc:3]
Resolution: If [get_<value>] was used to populate the object, check to make sure this command returns at least one valid object.
WARNING: [Vivado 12-584] No ports matched 'clk'. [C:/Users/leste/Downloads/basys3_labs-master/project_alu_basys3/const_top_basys3.xdc:4]
CRITICAL WARNING: [Common 17-55] 'set_property' expects at least one object. [C:/Users/leste/Downloads/basys3_labs-master/project_alu_basys3/const_top_basys3.xdc:4]
Resolution: If [get_<value>] was used to populate the object, check to make sure this command returns at least one valid object.
WARNING: [Vivado 12-584] No ports matched 'clk'. [C:/Users/leste/Downloads/basys3_labs-master/project_alu_basys3/const_top_basys3.xdc:5]
CRITICAL WARNING: [Vivado 12-4739] create_clock:No valid object(s) found for '-objects [get_ports clk]'. [C:/Users/leste/Downloads/basys3_labs-master/project_alu_basys3/const_top_basys3.xdc:5]
Resolution: Check if the specified object(s) exists in the current design. If it does, ensure that the correct design hierarchy was specified for the object. If you are working with clocks, make sure create_clock was used to create the clock object before it is referenced.
WARNING: [Vivado 12-584] No ports matched 'data[0]'. [C:/Users/leste/Downloads/basys3_labs-master/project_alu_basys3/const_top_basys3.xdc:9]
CRITICAL WARNING: [Common 17-55] 'set_property' expects at least one object. [C:/Users/leste/Downloads/basys3_labs-master/project_alu_basys3/const_top_basys3.xdc:9]
Resolution: If [get_<value>] was used to populate the object, check to make sure this command returns at least one valid object.
WARNING: [Vivado 12-584] No ports matched 'data[0]'. [C:/Users/leste/Downloads/basys3_labs-master/project_alu_basys3/const_top_basys3.xdc:10]
CRITICAL WARNING: [Common 17-55] 'set_property' expects at least one object. [C:/Users/leste/Downloads/basys3_labs-master/project_alu_basys3/const_top_basys3.xdc:10]
Resolution: If [get_<value>] was used to populate the object, check to make sure this command returns at least one valid object.
WARNING: [Vivado 12-584] No ports matched 'data[1]'. [C:/Users/leste/Downloads/basys3_labs-master/project_alu_basys3/const_top_basys3.xdc:11]
CRITICAL WARNING: [Common 17-55] 'set_property' expects at least one object. [C:/Users/leste/Downloads/basys3_labs-master/project_alu_basys3/const_top_basys3.xdc:11]
Resolution: If [get_<value>] was used to populate the object, check to make sure this command returns at least one valid object.
WARNING: [Vivado 12-584] No ports matched 'data[1]'. [C:/Users/leste/Downloads/basys3_labs-master/project_alu_basys3/const_top_basys3.xdc:12]
CRITICAL WARNING: [Common 17-55] 'set_property' expects at least one object. [C:/Users/leste/Downloads/basys3_labs-master/project_alu_basys3/const_top_basys3.xdc:12]
Resolution: If [get_<value>] was used to populate the object, check to make sure this command returns at least one valid object.
WARNING: [Vivado 12-584] No ports matched 'data[2]'. [C:/Users/leste/Downloads/basys3_labs-master/project_alu_basys3/const_top_basys3.xdc:13]
CRITICAL WARNING: [Common 17-55] 'set_property' expects at least one object. [C:/Users/leste/Downloads/basys3_labs-master/project_alu_basys3/const_top_basys3.xdc:13]
Resolution: If [get_<value>] was used to populate the object, check to make sure this command returns at least one valid object.
WARNING: [Vivado 12-584] No ports matched 'data[2]'. [C:/Users/leste/Downloads/basys3_labs-master/project_alu_basys3/const_top_basys3.xdc:14]
CRITICAL WARNING: [Common 17-55] 'set_property' expects at least one object. [C:/Users/leste/Downloads/basys3_labs-master/project_alu_basys3/const_top_basys3.xdc:14]
Resolution: If [get_<value>] was used to populate the object, check to make sure this command returns at least one valid object.
WARNING: [Vivado 12-584] No ports matched 'data[3]'. [C:/Users/leste/Downloads/basys3_labs-master/project_alu_basys3/const_top_basys3.xdc:15]
CRITICAL WARNING: [Common 17-55] 'set_property' expects at least one object. [C:/Users/leste/Downloads/basys3_labs-master/project_alu_basys3/const_top_basys3.xdc:15]
Resolution: If [get_<value>] was used to populate the object, check to make sure this command returns at least one valid object.
WARNING: [Vivado 12-584] No ports matched 'data[3]'. [C:/Users/leste/Downloads/basys3_labs-master/project_alu_basys3/const_top_basys3.xdc:16]
CRITICAL WARNING: [Common 17-55] 'set_property' expects at least one object. [C:/Users/leste/Downloads/basys3_labs-master/project_alu_basys3/const_top_basys3.xdc:16]
Resolution: If [get_<value>] was used to populate the object, check to make sure this command returns at least one valid object.
WARNING: [Vivado 12-584] No ports matched 'data[4]'. [C:/Users/leste/Downloads/basys3_labs-master/project_alu_basys3/const_top_basys3.xdc:17]
CRITICAL WARNING: [Common 17-55] 'set_property' expects at least one object. [C:/Users/leste/Downloads/basys3_labs-master/project_alu_basys3/const_top_basys3.xdc:17]
Resolution: If [get_<value>] was used to populate the object, check to make sure this command returns at least one valid object.
WARNING: [Vivado 12-584] No ports matched 'data[4]'. [C:/Users/leste/Downloads/basys3_labs-master/project_alu_basys3/const_top_basys3.xdc:18]
CRITICAL WARNING: [Common 17-55] 'set_property' expects at least one object. [C:/Users/leste/Downloads/basys3_labs-master/project_alu_basys3/const_top_basys3.xdc:18]
Resolution: If [get_<value>] was used to populate the object, check to make sure this command returns at least one valid object.
WARNING: [Vivado 12-584] No ports matched 'data[5]'. [C:/Users/leste/Downloads/basys3_labs-master/project_alu_basys3/const_top_basys3.xdc:19]
CRITICAL WARNING: [Common 17-55] 'set_property' expects at least one object. [C:/Users/leste/Downloads/basys3_labs-master/project_alu_basys3/const_top_basys3.xdc:19]
Resolution: If [get_<value>] was used to populate the object, check to make sure this command returns at least one valid object.
WARNING: [Vivado 12-584] No ports matched 'data[5]'. [C:/Users/leste/Downloads/basys3_labs-master/project_alu_basys3/const_top_basys3.xdc:20]
CRITICAL WARNING: [Common 17-55] 'set_property' expects at least one object. [C:/Users/leste/Downloads/basys3_labs-master/project_alu_basys3/const_top_basys3.xdc:20]
Resolution: If [get_<value>] was used to populate the object, check to make sure this command returns at least one valid object.
WARNING: [Vivado 12-584] No ports matched 'data[6]'. [C:/Users/leste/Downloads/basys3_labs-master/project_alu_basys3/const_top_basys3.xdc:21]
CRITICAL WARNING: [Common 17-55] 'set_property' expects at least one object. [C:/Users/leste/Downloads/basys3_labs-master/project_alu_basys3/const_top_basys3.xdc:21]
Resolution: If [get_<value>] was used to populate the object, check to make sure this command returns at least one valid object.
WARNING: [Vivado 12-584] No ports matched 'data[6]'. [C:/Users/leste/Downloads/basys3_labs-master/project_alu_basys3/const_top_basys3.xdc:22]
CRITICAL WARNING: [Common 17-55] 'set_property' expects at least one object. [C:/Users/leste/Downloads/basys3_labs-master/project_alu_basys3/const_top_basys3.xdc:22]
Resolution: If [get_<value>] was used to populate the object, check to make sure this command returns at least one valid object.
WARNING: [Vivado 12-584] No ports matched 'data[7]'. [C:/Users/leste/Downloads/basys3_labs-master/project_alu_basys3/const_top_basys3.xdc:23]
CRITICAL WARNING: [Common 17-55] 'set_property' expects at least one object. [C:/Users/leste/Downloads/basys3_labs-master/project_alu_basys3/const_top_basys3.xdc:23]
Resolution: If [get_<value>] was used to populate the object, check to make sure this command returns at least one valid object.
WARNING: [Vivado 12-584] No ports matched 'data[7]'. [C:/Users/leste/Downloads/basys3_labs-master/project_alu_basys3/const_top_basys3.xdc:24]
CRITICAL WARNING: [Common 17-55] 'set_property' expects at least one object. [C:/Users/leste/Downloads/basys3_labs-master/project_alu_basys3/const_top_basys3.xdc:24]
Resolution: If [get_<value>] was used to populate the object, check to make sure this command returns at least one valid object.
WARNING: [Vivado 12-584] No ports matched 'data[8]'. [C:/Users/leste/Downloads/basys3_labs-master/project_alu_basys3/const_top_basys3.xdc:25]
CRITICAL WARNING: [Common 17-55] 'set_property' expects at least one object. [C:/Users/leste/Downloads/basys3_labs-master/project_alu_basys3/const_top_basys3.xdc:25]
Resolution: If [get_<value>] was used to populate the object, check to make sure this command returns at least one valid object.
WARNING: [Vivado 12-584] No ports matched 'data[8]'. [C:/Users/leste/Downloads/basys3_labs-master/project_alu_basys3/const_top_basys3.xdc:26]
CRITICAL WARNING: [Common 17-55] 'set_property' expects at least one object. [C:/Users/leste/Downloads/basys3_labs-master/project_alu_basys3/const_top_basys3.xdc:26]
Resolution: If [get_<value>] was used to populate the object, check to make sure this command returns at least one valid object.
WARNING: [Vivado 12-584] No ports matched 'data[9]'. [C:/Users/leste/Downloads/basys3_labs-master/project_alu_basys3/const_top_basys3.xdc:27]
CRITICAL WARNING: [Common 17-55] 'set_property' expects at least one object. [C:/Users/leste/Downloads/basys3_labs-master/project_alu_basys3/const_top_basys3.xdc:27]
Resolution: If [get_<value>] was used to populate the object, check to make sure this command returns at least one valid object.
WARNING: [Vivado 12-584] No ports matched 'data[9]'. [C:/Users/leste/Downloads/basys3_labs-master/project_alu_basys3/const_top_basys3.xdc:28]
CRITICAL WARNING: [Common 17-55] 'set_property' expects at least one object. [C:/Users/leste/Downloads/basys3_labs-master/project_alu_basys3/const_top_basys3.xdc:28]
Resolution: If [get_<value>] was used to populate the object, check to make sure this command returns at least one valid object.
WARNING: [Vivado 12-584] No ports matched 'data[10]'. [C:/Users/leste/Downloads/basys3_labs-master/project_alu_basys3/const_top_basys3.xdc:29]
CRITICAL WARNING: [Common 17-55] 'set_property' expects at least one object. [C:/Users/leste/Downloads/basys3_labs-master/project_alu_basys3/const_top_basys3.xdc:29]
Resolution: If [get_<value>] was used to populate the object, check to make sure this command returns at least one valid object.
WARNING: [Vivado 12-584] No ports matched 'data[10]'. [C:/Users/leste/Downloads/basys3_labs-master/project_alu_basys3/const_top_basys3.xdc:30]
CRITICAL WARNING: [Common 17-55] 'set_property' expects at least one object. [C:/Users/leste/Downloads/basys3_labs-master/project_alu_basys3/const_top_basys3.xdc:30]
Resolution: If [get_<value>] was used to populate the object, check to make sure this command returns at least one valid object.
WARNING: [Vivado 12-584] No ports matched 'data[11]'. [C:/Users/leste/Downloads/basys3_labs-master/project_alu_basys3/const_top_basys3.xdc:31]
CRITICAL WARNING: [Common 17-55] 'set_property' expects at least one object. [C:/Users/leste/Downloads/basys3_labs-master/project_alu_basys3/const_top_basys3.xdc:31]
Resolution: If [get_<value>] was used to populate the object, check to make sure this command returns at least one valid object.
WARNING: [Vivado 12-584] No ports matched 'data[11]'. [C:/Users/leste/Downloads/basys3_labs-master/project_alu_basys3/const_top_basys3.xdc:32]
CRITICAL WARNING: [Common 17-55] 'set_property' expects at least one object. [C:/Users/leste/Downloads/basys3_labs-master/project_alu_basys3/const_top_basys3.xdc:32]
Resolution: If [get_<value>] was used to populate the object, check to make sure this command returns at least one valid object.
WARNING: [Vivado 12-584] No ports matched 'data[12]'. [C:/Users/leste/Downloads/basys3_labs-master/project_alu_basys3/const_top_basys3.xdc:33]
CRITICAL WARNING: [Common 17-55] 'set_property' expects at least one object. [C:/Users/leste/Downloads/basys3_labs-master/project_alu_basys3/const_top_basys3.xdc:33]
Resolution: If [get_<value>] was used to populate the object, check to make sure this command returns at least one valid object.
WARNING: [Vivado 12-584] No ports matched 'data[12]'. [C:/Users/leste/Downloads/basys3_labs-master/project_alu_basys3/const_top_basys3.xdc:34]
CRITICAL WARNING: [Common 17-55] 'set_property' expects at least one object. [C:/Users/leste/Downloads/basys3_labs-master/project_alu_basys3/const_top_basys3.xdc:34]
Resolution: If [get_<value>] was used to populate the object, check to make sure this command returns at least one valid object.
WARNING: [Vivado 12-584] No ports matched 'data[13]'. [C:/Users/leste/Downloads/basys3_labs-master/project_alu_basys3/const_top_basys3.xdc:35]
CRITICAL WARNING: [Common 17-55] 'set_property' expects at least one object. [C:/Users/leste/Downloads/basys3_labs-master/project_alu_basys3/const_top_basys3.xdc:35]
Resolution: If [get_<value>] was used to populate the object, check to make sure this command returns at least one valid object.
WARNING: [Vivado 12-584] No ports matched 'data[13]'. [C:/Users/leste/Downloads/basys3_labs-master/project_alu_basys3/const_top_basys3.xdc:36]
CRITICAL WARNING: [Common 17-55] 'set_property' expects at least one object. [C:/Users/leste/Downloads/basys3_labs-master/project_alu_basys3/const_top_basys3.xdc:36]
Resolution: If [get_<value>] was used to populate the object, check to make sure this command returns at least one valid object.
WARNING: [Vivado 12-584] No ports matched 'data[14]'. [C:/Users/leste/Downloads/basys3_labs-master/project_alu_basys3/const_top_basys3.xdc:37]
CRITICAL WARNING: [Common 17-55] 'set_property' expects at least one object. [C:/Users/leste/Downloads/basys3_labs-master/project_alu_basys3/const_top_basys3.xdc:37]
Resolution: If [get_<value>] was used to populate the object, check to make sure this command returns at least one valid object.
WARNING: [Vivado 12-584] No ports matched 'data[14]'. [C:/Users/leste/Downloads/basys3_labs-master/project_alu_basys3/const_top_basys3.xdc:38]
CRITICAL WARNING: [Common 17-55] 'set_property' expects at least one object. [C:/Users/leste/Downloads/basys3_labs-master/project_alu_basys3/const_top_basys3.xdc:38]
Resolution: If [get_<value>] was used to populate the object, check to make sure this command returns at least one valid object.
WARNING: [Vivado 12-584] No ports matched 'data[15]'. [C:/Users/leste/Downloads/basys3_labs-master/project_alu_basys3/const_top_basys3.xdc:39]
CRITICAL WARNING: [Common 17-55] 'set_property' expects at least one object. [C:/Users/leste/Downloads/basys3_labs-master/project_alu_basys3/const_top_basys3.xdc:39]
Resolution: If [get_<value>] was used to populate the object, check to make sure this command returns at least one valid object.
WARNING: [Vivado 12-584] No ports matched 'data[15]'. [C:/Users/leste/Downloads/basys3_labs-master/project_alu_basys3/const_top_basys3.xdc:40]
CRITICAL WARNING: [Common 17-55] 'set_property' expects at least one object. [C:/Users/leste/Downloads/basys3_labs-master/project_alu_basys3/const_top_basys3.xdc:40]
Resolution: If [get_<value>] was used to populate the object, check to make sure this command returns at least one valid object.
WARNING: [Vivado 12-584] No ports matched 'leds_out[0]'. [C:/Users/leste/Downloads/basys3_labs-master/project_alu_basys3/const_top_basys3.xdc:43]
CRITICAL WARNING: [Common 17-55] 'set_property' expects at least one object. [C:/Users/leste/Downloads/basys3_labs-master/project_alu_basys3/const_top_basys3.xdc:43]
Resolution: If [get_<value>] was used to populate the object, check to make sure this command returns at least one valid object.
WARNING: [Vivado 12-584] No ports matched 'leds_out[0]'. [C:/Users/leste/Downloads/basys3_labs-master/project_alu_basys3/const_top_basys3.xdc:44]
CRITICAL WARNING: [Common 17-55] 'set_property' expects at least one object. [C:/Users/leste/Downloads/basys3_labs-master/project_alu_basys3/const_top_basys3.xdc:44]
Resolution: If [get_<value>] was used to populate the object, check to make sure this command returns at least one valid object.
WARNING: [Vivado 12-584] No ports matched 'leds_out[1]'. [C:/Users/leste/Downloads/basys3_labs-master/project_alu_basys3/const_top_basys3.xdc:45]
CRITICAL WARNING: [Common 17-55] 'set_property' expects at least one object. [C:/Users/leste/Downloads/basys3_labs-master/project_alu_basys3/const_top_basys3.xdc:45]
Resolution: If [get_<value>] was used to populate the object, check to make sure this command returns at least one valid object.
WARNING: [Vivado 12-584] No ports matched 'leds_out[1]'. [C:/Users/leste/Downloads/basys3_labs-master/project_alu_basys3/const_top_basys3.xdc:46]
CRITICAL WARNING: [Common 17-55] 'set_property' expects at least one object. [C:/Users/leste/Downloads/basys3_labs-master/project_alu_basys3/const_top_basys3.xdc:46]
Resolution: If [get_<value>] was used to populate the object, check to make sure this command returns at least one valid object.
WARNING: [Vivado 12-584] No ports matched 'leds_out[2]'. [C:/Users/leste/Downloads/basys3_labs-master/project_alu_basys3/const_top_basys3.xdc:47]
CRITICAL WARNING: [Common 17-55] 'set_property' expects at least one object. [C:/Users/leste/Downloads/basys3_labs-master/project_alu_basys3/const_top_basys3.xdc:47]
Resolution: If [get_<value>] was used to populate the object, check to make sure this command returns at least one valid object.
WARNING: [Vivado 12-584] No ports matched 'leds_out[2]'. [C:/Users/leste/Downloads/basys3_labs-master/project_alu_basys3/const_top_basys3.xdc:48]
CRITICAL WARNING: [Common 17-55] 'set_property' expects at least one object. [C:/Users/leste/Downloads/basys3_labs-master/project_alu_basys3/const_top_basys3.xdc:48]
Resolution: If [get_<value>] was used to populate the object, check to make sure this command returns at least one valid object.
WARNING: [Vivado 12-584] No ports matched 'leds_out[3]'. [C:/Users/leste/Downloads/basys3_labs-master/project_alu_basys3/const_top_basys3.xdc:49]
CRITICAL WARNING: [Common 17-55] 'set_property' expects at least one object. [C:/Users/leste/Downloads/basys3_labs-master/project_alu_basys3/const_top_basys3.xdc:49]
Resolution: If [get_<value>] was used to populate the object, check to make sure this command returns at least one valid object.
WARNING: [Vivado 12-584] No ports matched 'leds_out[3]'. [C:/Users/leste/Downloads/basys3_labs-master/project_alu_basys3/const_top_basys3.xdc:50]
CRITICAL WARNING: [Common 17-55] 'set_property' expects at least one object. [C:/Users/leste/Downloads/basys3_labs-master/project_alu_basys3/const_top_basys3.xdc:50]
Resolution: If [get_<value>] was used to populate the object, check to make sure this command returns at least one valid object.
WARNING: [Vivado 12-584] No ports matched 'leds_out[4]'. [C:/Users/leste/Downloads/basys3_labs-master/project_alu_basys3/const_top_basys3.xdc:51]
CRITICAL WARNING: [Common 17-55] 'set_property' expects at least one object. [C:/Users/leste/Downloads/basys3_labs-master/project_alu_basys3/const_top_basys3.xdc:51]
Resolution: If [get_<value>] was used to populate the object, check to make sure this command returns at least one valid object.
WARNING: [Vivado 12-584] No ports matched 'leds_out[4]'. [C:/Users/leste/Downloads/basys3_labs-master/project_alu_basys3/const_top_basys3.xdc:52]
CRITICAL WARNING: [Common 17-55] 'set_property' expects at least one object. [C:/Users/leste/Downloads/basys3_labs-master/project_alu_basys3/const_top_basys3.xdc:52]
Resolution: If [get_<value>] was used to populate the object, check to make sure this command returns at least one valid object.
WARNING: [Vivado 12-584] No ports matched 'leds_out[5]'. [C:/Users/leste/Downloads/basys3_labs-master/project_alu_basys3/const_top_basys3.xdc:53]
CRITICAL WARNING: [Common 17-55] 'set_property' expects at least one object. [C:/Users/leste/Downloads/basys3_labs-master/project_alu_basys3/const_top_basys3.xdc:53]
Resolution: If [get_<value>] was used to populate the object, check to make sure this command returns at least one valid object.
WARNING: [Vivado 12-584] No ports matched 'leds_out[5]'. [C:/Users/leste/Downloads/basys3_labs-master/project_alu_basys3/const_top_basys3.xdc:54]
CRITICAL WARNING: [Common 17-55] 'set_property' expects at least one object. [C:/Users/leste/Downloads/basys3_labs-master/project_alu_basys3/const_top_basys3.xdc:54]
Resolution: If [get_<value>] was used to populate the object, check to make sure this command returns at least one valid object.
WARNING: [Vivado 12-584] No ports matched 'leds_out[6]'. [C:/Users/leste/Downloads/basys3_labs-master/project_alu_basys3/const_top_basys3.xdc:55]
CRITICAL WARNING: [Common 17-55] 'set_property' expects at least one object. [C:/Users/leste/Downloads/basys3_labs-master/project_alu_basys3/const_top_basys3.xdc:55]
Resolution: If [get_<value>] was used to populate the object, check to make sure this command returns at least one valid object.
WARNING: [Vivado 12-584] No ports matched 'leds_out[6]'. [C:/Users/leste/Downloads/basys3_labs-master/project_alu_basys3/const_top_basys3.xdc:56]
CRITICAL WARNING: [Common 17-55] 'set_property' expects at least one object. [C:/Users/leste/Downloads/basys3_labs-master/project_alu_basys3/const_top_basys3.xdc:56]
Resolution: If [get_<value>] was used to populate the object, check to make sure this command returns at least one valid object.
WARNING: [Vivado 12-584] No ports matched 'leds_out[7]'. [C:/Users/leste/Downloads/basys3_labs-master/project_alu_basys3/const_top_basys3.xdc:57]
CRITICAL WARNING: [Common 17-55] 'set_property' expects at least one object. [C:/Users/leste/Downloads/basys3_labs-master/project_alu_basys3/const_top_basys3.xdc:57]
Resolution: If [get_<value>] was used to populate the object, check to make sure this command returns at least one valid object.
WARNING: [Vivado 12-584] No ports matched 'leds_out[7]'. [C:/Users/leste/Downloads/basys3_labs-master/project_alu_basys3/const_top_basys3.xdc:58]
CRITICAL WARNING: [Common 17-55] 'set_property' expects at least one object. [C:/Users/leste/Downloads/basys3_labs-master/project_alu_basys3/const_top_basys3.xdc:58]
Resolution: If [get_<value>] was used to populate the object, check to make sure this command returns at least one valid object.
WARNING: [Vivado 12-584] No ports matched 'leds_out[8]'. [C:/Users/leste/Downloads/basys3_labs-master/project_alu_basys3/const_top_basys3.xdc:59]
CRITICAL WARNING: [Common 17-55] 'set_property' expects at least one object. [C:/Users/leste/Downloads/basys3_labs-master/project_alu_basys3/const_top_basys3.xdc:59]
Resolution: If [get_<value>] was used to populate the object, check to make sure this command returns at least one valid object.
WARNING: [Vivado 12-584] No ports matched 'leds_out[8]'. [C:/Users/leste/Downloads/basys3_labs-master/project_alu_basys3/const_top_basys3.xdc:60]
CRITICAL WARNING: [Common 17-55] 'set_property' expects at least one object. [C:/Users/leste/Downloads/basys3_labs-master/project_alu_basys3/const_top_basys3.xdc:60]
Resolution: If [get_<value>] was used to populate the object, check to make sure this command returns at least one valid object.
WARNING: [Vivado 12-584] No ports matched 'leds_out[9]'. [C:/Users/leste/Downloads/basys3_labs-master/project_alu_basys3/const_top_basys3.xdc:61]
CRITICAL WARNING: [Common 17-55] 'set_property' expects at least one object. [C:/Users/leste/Downloads/basys3_labs-master/project_alu_basys3/const_top_basys3.xdc:61]
Resolution: If [get_<value>] was used to populate the object, check to make sure this command returns at least one valid object.
WARNING: [Vivado 12-584] No ports matched 'leds_out[9]'. [C:/Users/leste/Downloads/basys3_labs-master/project_alu_basys3/const_top_basys3.xdc:62]
CRITICAL WARNING: [Common 17-55] 'set_property' expects at least one object. [C:/Users/leste/Downloads/basys3_labs-master/project_alu_basys3/const_top_basys3.xdc:62]
Resolution: If [get_<value>] was used to populate the object, check to make sure this command returns at least one valid object.
WARNING: [Vivado 12-584] No ports matched 'leds_out[10]'. [C:/Users/leste/Downloads/basys3_labs-master/project_alu_basys3/const_top_basys3.xdc:63]
CRITICAL WARNING: [Common 17-55] 'set_property' expects at least one object. [C:/Users/leste/Downloads/basys3_labs-master/project_alu_basys3/const_top_basys3.xdc:63]
Resolution: If [get_<value>] was used to populate the object, check to make sure this command returns at least one valid object.
WARNING: [Vivado 12-584] No ports matched 'leds_out[10]'. [C:/Users/leste/Downloads/basys3_labs-master/project_alu_basys3/const_top_basys3.xdc:64]
CRITICAL WARNING: [Common 17-55] 'set_property' expects at least one object. [C:/Users/leste/Downloads/basys3_labs-master/project_alu_basys3/const_top_basys3.xdc:64]
Resolution: If [get_<value>] was used to populate the object, check to make sure this command returns at least one valid object.
WARNING: [Vivado 12-584] No ports matched 'leds_out[11]'. [C:/Users/leste/Downloads/basys3_labs-master/project_alu_basys3/const_top_basys3.xdc:65]
CRITICAL WARNING: [Common 17-55] 'set_property' expects at least one object. [C:/Users/leste/Downloads/basys3_labs-master/project_alu_basys3/const_top_basys3.xdc:65]
Resolution: If [get_<value>] was used to populate the object, check to make sure this command returns at least one valid object.
WARNING: [Vivado 12-584] No ports matched 'leds_out[11]'. [C:/Users/leste/Downloads/basys3_labs-master/project_alu_basys3/const_top_basys3.xdc:66]
CRITICAL WARNING: [Common 17-55] 'set_property' expects at least one object. [C:/Users/leste/Downloads/basys3_labs-master/project_alu_basys3/const_top_basys3.xdc:66]
Resolution: If [get_<value>] was used to populate the object, check to make sure this command returns at least one valid object.
WARNING: [Vivado 12-584] No ports matched 'leds_out[12]'. [C:/Users/leste/Downloads/basys3_labs-master/project_alu_basys3/const_top_basys3.xdc:67]
CRITICAL WARNING: [Common 17-55] 'set_property' expects at least one object. [C:/Users/leste/Downloads/basys3_labs-master/project_alu_basys3/const_top_basys3.xdc:67]
Resolution: If [get_<value>] was used to populate the object, check to make sure this command returns at least one valid object.
WARNING: [Vivado 12-584] No ports matched 'leds_out[12]'. [C:/Users/leste/Downloads/basys3_labs-master/project_alu_basys3/const_top_basys3.xdc:68]
CRITICAL WARNING: [Common 17-55] 'set_property' expects at least one object. [C:/Users/leste/Downloads/basys3_labs-master/project_alu_basys3/const_top_basys3.xdc:68]
Resolution: If [get_<value>] was used to populate the object, check to make sure this command returns at least one valid object.
WARNING: [Vivado 12-584] No ports matched 'leds_out[13]'. [C:/Users/leste/Downloads/basys3_labs-master/project_alu_basys3/const_top_basys3.xdc:69]
CRITICAL WARNING: [Common 17-55] 'set_property' expects at least one object. [C:/Users/leste/Downloads/basys3_labs-master/project_alu_basys3/const_top_basys3.xdc:69]
Resolution: If [get_<value>] was used to populate the object, check to make sure this command returns at least one valid object.
WARNING: [Vivado 12-584] No ports matched 'leds_out[13]'. [C:/Users/leste/Downloads/basys3_labs-master/project_alu_basys3/const_top_basys3.xdc:70]
CRITICAL WARNING: [Common 17-55] 'set_property' expects at least one object. [C:/Users/leste/Downloads/basys3_labs-master/project_alu_basys3/const_top_basys3.xdc:70]
Resolution: If [get_<value>] was used to populate the object, check to make sure this command returns at least one valid object.
WARNING: [Vivado 12-584] No ports matched 'leds_out[14]'. [C:/Users/leste/Downloads/basys3_labs-master/project_alu_basys3/const_top_basys3.xdc:71]
CRITICAL WARNING: [Common 17-55] 'set_property' expects at least one object. [C:/Users/leste/Downloads/basys3_labs-master/project_alu_basys3/const_top_basys3.xdc:71]
Resolution: If [get_<value>] was used to populate the object, check to make sure this command returns at least one valid object.
WARNING: [Vivado 12-584] No ports matched 'leds_out[14]'. [C:/Users/leste/Downloads/basys3_labs-master/project_alu_basys3/const_top_basys3.xdc:72]
CRITICAL WARNING: [Common 17-55] 'set_property' expects at least one object. [C:/Users/leste/Downloads/basys3_labs-master/project_alu_basys3/const_top_basys3.xdc:72]
Resolution: If [get_<value>] was used to populate the object, check to make sure this command returns at least one valid object.
WARNING: [Vivado 12-584] No ports matched 'leds_out[15]'. [C:/Users/leste/Downloads/basys3_labs-master/project_alu_basys3/const_top_basys3.xdc:73]
CRITICAL WARNING: [Common 17-55] 'set_property' expects at least one object. [C:/Users/leste/Downloads/basys3_labs-master/project_alu_basys3/const_top_basys3.xdc:73]
Resolution: If [get_<value>] was used to populate the object, check to make sure this command returns at least one valid object.
WARNING: [Vivado 12-584] No ports matched 'leds_out[15]'. [C:/Users/leste/Downloads/basys3_labs-master/project_alu_basys3/const_top_basys3.xdc:74]
CRITICAL WARNING: [Common 17-55] 'set_property' expects at least one object. [C:/Users/leste/Downloads/basys3_labs-master/project_alu_basys3/const_top_basys3.xdc:74]
Resolution: If [get_<value>] was used to populate the object, check to make sure this command returns at least one valid object.
WARNING: [Vivado 12-584] No ports matched 'seg[6]'. [C:/Users/leste/Downloads/basys3_labs-master/project_alu_basys3/const_top_basys3.xdc:80]
CRITICAL WARNING: [Common 17-55] 'set_property' expects at least one object. [C:/Users/leste/Downloads/basys3_labs-master/project_alu_basys3/const_top_basys3.xdc:80]
Resolution: If [get_<value>] was used to populate the object, check to make sure this command returns at least one valid object.
WARNING: [Vivado 12-584] No ports matched 'seg[6]'. [C:/Users/leste/Downloads/basys3_labs-master/project_alu_basys3/const_top_basys3.xdc:81]
CRITICAL WARNING: [Common 17-55] 'set_property' expects at least one object. [C:/Users/leste/Downloads/basys3_labs-master/project_alu_basys3/const_top_basys3.xdc:81]
Resolution: If [get_<value>] was used to populate the object, check to make sure this command returns at least one valid object.
WARNING: [Vivado 12-584] No ports matched 'seg[5]'. [C:/Users/leste/Downloads/basys3_labs-master/project_alu_basys3/const_top_basys3.xdc:82]
CRITICAL WARNING: [Common 17-55] 'set_property' expects at least one object. [C:/Users/leste/Downloads/basys3_labs-master/project_alu_basys3/const_top_basys3.xdc:82]
Resolution: If [get_<value>] was used to populate the object, check to make sure this command returns at least one valid object.
WARNING: [Vivado 12-584] No ports matched 'seg[5]'. [C:/Users/leste/Downloads/basys3_labs-master/project_alu_basys3/const_top_basys3.xdc:83]
CRITICAL WARNING: [Common 17-55] 'set_property' expects at least one object. [C:/Users/leste/Downloads/basys3_labs-master/project_alu_basys3/const_top_basys3.xdc:83]
Resolution: If [get_<value>] was used to populate the object, check to make sure this command returns at least one valid object.
WARNING: [Vivado 12-584] No ports matched 'seg[4]'. [C:/Users/leste/Downloads/basys3_labs-master/project_alu_basys3/const_top_basys3.xdc:84]
CRITICAL WARNING: [Common 17-55] 'set_property' expects at least one object. [C:/Users/leste/Downloads/basys3_labs-master/project_alu_basys3/const_top_basys3.xdc:84]
Resolution: If [get_<value>] was used to populate the object, check to make sure this command returns at least one valid object.
WARNING: [Vivado 12-584] No ports matched 'seg[4]'. [C:/Users/leste/Downloads/basys3_labs-master/project_alu_basys3/const_top_basys3.xdc:85]
CRITICAL WARNING: [Common 17-55] 'set_property' expects at least one object. [C:/Users/leste/Downloads/basys3_labs-master/project_alu_basys3/const_top_basys3.xdc:85]
Resolution: If [get_<value>] was used to populate the object, check to make sure this command returns at least one valid object.
WARNING: [Vivado 12-584] No ports matched 'seg[3]'. [C:/Users/leste/Downloads/basys3_labs-master/project_alu_basys3/const_top_basys3.xdc:86]
CRITICAL WARNING: [Common 17-55] 'set_property' expects at least one object. [C:/Users/leste/Downloads/basys3_labs-master/project_alu_basys3/const_top_basys3.xdc:86]
Resolution: If [get_<value>] was used to populate the object, check to make sure this command returns at least one valid object.
WARNING: [Vivado 12-584] No ports matched 'seg[3]'. [C:/Users/leste/Downloads/basys3_labs-master/project_alu_basys3/const_top_basys3.xdc:87]
CRITICAL WARNING: [Common 17-55] 'set_property' expects at least one object. [C:/Users/leste/Downloads/basys3_labs-master/project_alu_basys3/const_top_basys3.xdc:87]
Resolution: If [get_<value>] was used to populate the object, check to make sure this command returns at least one valid object.
WARNING: [Vivado 12-584] No ports matched 'seg[2]'. [C:/Users/leste/Downloads/basys3_labs-master/project_alu_basys3/const_top_basys3.xdc:88]
CRITICAL WARNING: [Common 17-55] 'set_property' expects at least one object. [C:/Users/leste/Downloads/basys3_labs-master/project_alu_basys3/const_top_basys3.xdc:88]
Resolution: If [get_<value>] was used to populate the object, check to make sure this command returns at least one valid object.
WARNING: [Vivado 12-584] No ports matched 'seg[2]'. [C:/Users/leste/Downloads/basys3_labs-master/project_alu_basys3/const_top_basys3.xdc:89]
CRITICAL WARNING: [Common 17-55] 'set_property' expects at least one object. [C:/Users/leste/Downloads/basys3_labs-master/project_alu_basys3/const_top_basys3.xdc:89]
Resolution: If [get_<value>] was used to populate the object, check to make sure this command returns at least one valid object.
WARNING: [Vivado 12-584] No ports matched 'seg[1]'. [C:/Users/leste/Downloads/basys3_labs-master/project_alu_basys3/const_top_basys3.xdc:90]
CRITICAL WARNING: [Common 17-55] 'set_property' expects at least one object. [C:/Users/leste/Downloads/basys3_labs-master/project_alu_basys3/const_top_basys3.xdc:90]
Resolution: If [get_<value>] was used to populate the object, check to make sure this command returns at least one valid object.
WARNING: [Vivado 12-584] No ports matched 'seg[1]'. [C:/Users/leste/Downloads/basys3_labs-master/project_alu_basys3/const_top_basys3.xdc:91]
CRITICAL WARNING: [Common 17-55] 'set_property' expects at least one object. [C:/Users/leste/Downloads/basys3_labs-master/project_alu_basys3/const_top_basys3.xdc:91]
Resolution: If [get_<value>] was used to populate the object, check to make sure this command returns at least one valid object.
WARNING: [Vivado 12-584] No ports matched 'seg[0]'. [C:/Users/leste/Downloads/basys3_labs-master/project_alu_basys3/const_top_basys3.xdc:92]
CRITICAL WARNING: [Common 17-55] 'set_property' expects at least one object. [C:/Users/leste/Downloads/basys3_labs-master/project_alu_basys3/const_top_basys3.xdc:92]
Resolution: If [get_<value>] was used to populate the object, check to make sure this command returns at least one valid object.
WARNING: [Vivado 12-584] No ports matched 'seg[0]'. [C:/Users/leste/Downloads/basys3_labs-master/project_alu_basys3/const_top_basys3.xdc:93]
CRITICAL WARNING: [Common 17-55] 'set_property' expects at least one object. [C:/Users/leste/Downloads/basys3_labs-master/project_alu_basys3/const_top_basys3.xdc:93]
Resolution: If [get_<value>] was used to populate the object, check to make sure this command returns at least one valid object.
WARNING: [Vivado 12-584] No ports matched 'anode[0]'. [C:/Users/leste/Downloads/basys3_labs-master/project_alu_basys3/const_top_basys3.xdc:94]
CRITICAL WARNING: [Common 17-55] 'set_property' expects at least one object. [C:/Users/leste/Downloads/basys3_labs-master/project_alu_basys3/const_top_basys3.xdc:94]
Resolution: If [get_<value>] was used to populate the object, check to make sure this command returns at least one valid object.
WARNING: [Vivado 12-584] No ports matched 'anode[0]'. [C:/Users/leste/Downloads/basys3_labs-master/project_alu_basys3/const_top_basys3.xdc:95]
CRITICAL WARNING: [Common 17-55] 'set_property' expects at least one object. [C:/Users/leste/Downloads/basys3_labs-master/project_alu_basys3/const_top_basys3.xdc:95]
Resolution: If [get_<value>] was used to populate the object, check to make sure this command returns at least one valid object.
WARNING: [Vivado 12-584] No ports matched 'anode[1]'. [C:/Users/leste/Downloads/basys3_labs-master/project_alu_basys3/const_top_basys3.xdc:96]
CRITICAL WARNING: [Common 17-55] 'set_property' expects at least one object. [C:/Users/leste/Downloads/basys3_labs-master/project_alu_basys3/const_top_basys3.xdc:96]
Resolution: If [get_<value>] was used to populate the object, check to make sure this command returns at least one valid object.
WARNING: [Vivado 12-584] No ports matched 'anode[1]'. [C:/Users/leste/Downloads/basys3_labs-master/project_alu_basys3/const_top_basys3.xdc:97]
CRITICAL WARNING: [Common 17-55] 'set_property' expects at least one object. [C:/Users/leste/Downloads/basys3_labs-master/project_alu_basys3/const_top_basys3.xdc:97]
Resolution: If [get_<value>] was used to populate the object, check to make sure this command returns at least one valid object.
WARNING: [Vivado 12-584] No ports matched 'anode[2]'. [C:/Users/leste/Downloads/basys3_labs-master/project_alu_basys3/const_top_basys3.xdc:98]
CRITICAL WARNING: [Common 17-55] 'set_property' expects at least one object. [C:/Users/leste/Downloads/basys3_labs-master/project_alu_basys3/const_top_basys3.xdc:98]
Resolution: If [get_<value>] was used to populate the object, check to make sure this command returns at least one valid object.
WARNING: [Vivado 12-584] No ports matched 'anode[2]'. [C:/Users/leste/Downloads/basys3_labs-master/project_alu_basys3/const_top_basys3.xdc:99]
CRITICAL WARNING: [Common 17-55] 'set_property' expects at least one object. [C:/Users/leste/Downloads/basys3_labs-master/project_alu_basys3/const_top_basys3.xdc:99]
Resolution: If [get_<value>] was used to populate the object, check to make sure this command returns at least one valid object.
WARNING: [Vivado 12-584] No ports matched 'anode[3]'. [C:/Users/leste/Downloads/basys3_labs-master/project_alu_basys3/const_top_basys3.xdc:100]
CRITICAL WARNING: [Common 17-55] 'set_property' expects at least one object. [C:/Users/leste/Downloads/basys3_labs-master/project_alu_basys3/const_top_basys3.xdc:100]
Resolution: If [get_<value>] was used to populate the object, check to make sure this command returns at least one valid object.
WARNING: [Vivado 12-584] No ports matched 'anode[3]'. [C:/Users/leste/Downloads/basys3_labs-master/project_alu_basys3/const_top_basys3.xdc:101]
CRITICAL WARNING: [Common 17-55] 'set_property' expects at least one object. [C:/Users/leste/Downloads/basys3_labs-master/project_alu_basys3/const_top_basys3.xdc:101]
Resolution: If [get_<value>] was used to populate the object, check to make sure this command returns at least one valid object.
WARNING: [Vivado 12-584] No ports matched 'reset'. [C:/Users/leste/Downloads/basys3_labs-master/project_alu_basys3/const_top_basys3.xdc:104]
CRITICAL WARNING: [Common 17-55] 'set_property' expects at least one object. [C:/Users/leste/Downloads/basys3_labs-master/project_alu_basys3/const_top_basys3.xdc:104]
Resolution: If [get_<value>] was used to populate the object, check to make sure this command returns at least one valid object.
WARNING: [Vivado 12-584] No ports matched 'reset'. [C:/Users/leste/Downloads/basys3_labs-master/project_alu_basys3/const_top_basys3.xdc:105]
CRITICAL WARNING: [Common 17-55] 'set_property' expects at least one object. [C:/Users/leste/Downloads/basys3_labs-master/project_alu_basys3/const_top_basys3.xdc:105]
Resolution: If [get_<value>] was used to populate the object, check to make sure this command returns at least one valid object.
WARNING: [Vivado 12-584] No ports matched 'load[2]'. [C:/Users/leste/Downloads/basys3_labs-master/project_alu_basys3/const_top_basys3.xdc:106]
CRITICAL WARNING: [Common 17-55] 'set_property' expects at least one object. [C:/Users/leste/Downloads/basys3_labs-master/project_alu_basys3/const_top_basys3.xdc:106]
Resolution: If [get_<value>] was used to populate the object, check to make sure this command returns at least one valid object.
WARNING: [Vivado 12-584] No ports matched 'load[2]'. [C:/Users/leste/Downloads/basys3_labs-master/project_alu_basys3/const_top_basys3.xdc:107]
CRITICAL WARNING: [Common 17-55] 'set_property' expects at least one object. [C:/Users/leste/Downloads/basys3_labs-master/project_alu_basys3/const_top_basys3.xdc:107]
Resolution: If [get_<value>] was used to populate the object, check to make sure this command returns at least one valid object.
WARNING: [Vivado 12-584] No ports matched 'load[0]'. [C:/Users/leste/Downloads/basys3_labs-master/project_alu_basys3/const_top_basys3.xdc:108]
CRITICAL WARNING: [Common 17-55] 'set_property' expects at least one object. [C:/Users/leste/Downloads/basys3_labs-master/project_alu_basys3/const_top_basys3.xdc:108]
Resolution: If [get_<value>] was used to populate the object, check to make sure this command returns at least one valid object.
WARNING: [Vivado 12-584] No ports matched 'load[0]'. [C:/Users/leste/Downloads/basys3_labs-master/project_alu_basys3/const_top_basys3.xdc:109]
CRITICAL WARNING: [Common 17-55] 'set_property' expects at least one object. [C:/Users/leste/Downloads/basys3_labs-master/project_alu_basys3/const_top_basys3.xdc:109]
Resolution: If [get_<value>] was used to populate the object, check to make sure this command returns at least one valid object.
WARNING: [Vivado 12-584] No ports matched 'load[1]'. [C:/Users/leste/Downloads/basys3_labs-master/project_alu_basys3/const_top_basys3.xdc:110]
CRITICAL WARNING: [Common 17-55] 'set_property' expects at least one object. [C:/Users/leste/Downloads/basys3_labs-master/project_alu_basys3/const_top_basys3.xdc:110]
Resolution: If [get_<value>] was used to populate the object, check to make sure this command returns at least one valid object.
WARNING: [Vivado 12-584] No ports matched 'load[1]'. [C:/Users/leste/Downloads/basys3_labs-master/project_alu_basys3/const_top_basys3.xdc:111]
CRITICAL WARNING: [Common 17-55] 'set_property' expects at least one object. [C:/Users/leste/Downloads/basys3_labs-master/project_alu_basys3/const_top_basys3.xdc:111]
Resolution: If [get_<value>] was used to populate the object, check to make sure this command returns at least one valid object.
Finished Parsing XDC File [C:/Users/leste/Downloads/basys3_labs-master/project_alu_basys3/const_top_basys3.xdc]
Completed Processing XDC Constraints

Netlist sorting complete. Time (s): cpu = 00:00:00 ; elapsed = 00:00:00 . Memory (MB): peak = 681.191 ; gain = 0.000
INFO: [Project 1-111] Unisim Transformation Summary:
No Unisim elements were transformed.

Netlist sorting complete. Time (s): cpu = 00:00:00 ; elapsed = 00:00:00 . Memory (MB): peak = 681.191 ; gain = 0.000
WARNING: [Constraints 18-5210] No constraints selected for write.
Resolution: This message can indicate that there are no constraints for the design, or it can indicate that the used_in flags are set such that the constraints are ignored. This later case is used when running synth_design to not write synthesis constraints to the resulting checkpoint. Instead, project constraints are read when the synthesized design is opened.
Constraint Validation Runtime : Time (s): cpu = 00:00:00 ; elapsed = 00:00:00.186 . Memory (MB): peak = 681.734 ; gain = 0.543
---------------------------------------------------------------------------------
Finished Constraint Validation : Time (s): cpu = 00:00:47 ; elapsed = 00:00:53 . Memory (MB): peak = 681.734 ; gain = 434.336
---------------------------------------------------------------------------------
---------------------------------------------------------------------------------
Start Loading Part and Timing Information
---------------------------------------------------------------------------------
Loading part: xc7a35tcpg236-1
---------------------------------------------------------------------------------
Finished Loading Part and Timing Information : Time (s): cpu = 00:00:47 ; elapsed = 00:00:53 . Memory (MB): peak = 681.734 ; gain = 434.336
---------------------------------------------------------------------------------
---------------------------------------------------------------------------------
Start Applying 'set_property' XDC Constraints
---------------------------------------------------------------------------------
---------------------------------------------------------------------------------
Finished applying 'set_property' XDC Constraints : Time (s): cpu = 00:00:47 ; elapsed = 00:00:53 . Memory (MB): peak = 681.734 ; gain = 434.336
---------------------------------------------------------------------------------
---------------------------------------------------------------------------------
Finished RTL Optimization Phase 2 : Time (s): cpu = 00:00:47 ; elapsed = 00:00:53 . Memory (MB): peak = 681.734 ; gain = 434.336
---------------------------------------------------------------------------------

Report RTL Partitions: 
+-+--------------+------------+----------+
| |RTL Partition |Replication |Instances |
+-+--------------+------------+----------+
+-+--------------+------------+----------+
---------------------------------------------------------------------------------
Start RTL Component Statistics 
---------------------------------------------------------------------------------
Detailed RTL Component Info : 
+---Adders : 
	   2 Input      9 Bit       Adders := 1     
	   2 Input      8 Bit       Adders := 1     
	   3 Input      8 Bit       Adders := 1     
+---XORs : 
	   2 Input      8 Bit         XORs := 1     
---------------------------------------------------------------------------------
Finished RTL Component Statistics 
---------------------------------------------------------------------------------
---------------------------------------------------------------------------------
Start RTL Hierarchical Component Statistics 
---------------------------------------------------------------------------------
Hierarchical RTL Component report 
Module alu 
Detailed RTL Component Info : 
+---Adders : 
	   2 Input      9 Bit       Adders := 1     
	   2 Input      8 Bit       Adders := 1     
	   3 Input      8 Bit       Adders := 1     
+---XORs : 
	   2 Input      8 Bit         XORs := 1     
---------------------------------------------------------------------------------
Finished RTL Hierarchical Component Statistics
---------------------------------------------------------------------------------
---------------------------------------------------------------------------------
Start Part Resource Summary
---------------------------------------------------------------------------------
Part Resources:
DSPs: 90 (col length:60)
BRAMs: 100 (col length: RAMB18 60 RAMB36 30)
---------------------------------------------------------------------------------
Finished Part Resource Summary
---------------------------------------------------------------------------------
---------------------------------------------------------------------------------
Start Cross Boundary and Area Optimization
---------------------------------------------------------------------------------
Warning: Parallel synthesis criteria is not met 
---------------------------------------------------------------------------------
Finished Cross Boundary and Area Optimization : Time (s): cpu = 00:00:49 ; elapsed = 00:00:56 . Memory (MB): peak = 681.734 ; gain = 434.336
---------------------------------------------------------------------------------

Report RTL Partitions: 
+-+--------------+------------+----------+
| |RTL Partition |Replication |Instances |
+-+--------------+------------+----------+
+-+--------------+------------+----------+
---------------------------------------------------------------------------------
Start Applying XDC Timing Constraints
---------------------------------------------------------------------------------
---------------------------------------------------------------------------------
Finished Applying XDC Timing Constraints : Time (s): cpu = 00:01:22 ; elapsed = 00:01:29 . Memory (MB): peak = 716.254 ; gain = 468.855
---------------------------------------------------------------------------------
---------------------------------------------------------------------------------
Start Timing Optimization
---------------------------------------------------------------------------------
---------------------------------------------------------------------------------
Finished Timing Optimization : Time (s): cpu = 00:01:22 ; elapsed = 00:01:29 . Memory (MB): peak = 716.254 ; gain = 468.855
---------------------------------------------------------------------------------

Report RTL Partitions: 
+-+--------------+------------+----------+
| |RTL Partition |Replication |Instances |
+-+--------------+------------+----------+
+-+--------------+------------+----------+
---------------------------------------------------------------------------------
Start Technology Mapping
---------------------------------------------------------------------------------
---------------------------------------------------------------------------------
Finished Technology Mapping : Time (s): cpu = 00:01:22 ; elapsed = 00:01:29 . Memory (MB): peak = 725.777 ; gain = 478.379
---------------------------------------------------------------------------------

Report RTL Partitions: 
+-+--------------+------------+----------+
| |RTL Partition |Replication |Instances |
+-+--------------+------------+----------+
+-+--------------+------------+----------+
---------------------------------------------------------------------------------
Start IO Insertion
---------------------------------------------------------------------------------
---------------------------------------------------------------------------------
Start Flattening Before IO Insertion
---------------------------------------------------------------------------------
---------------------------------------------------------------------------------
Finished Flattening Before IO Insertion
---------------------------------------------------------------------------------
---------------------------------------------------------------------------------
Start Final Netlist Cleanup
---------------------------------------------------------------------------------
---------------------------------------------------------------------------------
Finished Final Netlist Cleanup
---------------------------------------------------------------------------------
---------------------------------------------------------------------------------
Finished IO Insertion : Time (s): cpu = 00:01:27 ; elapsed = 00:01:34 . Memory (MB): peak = 725.777 ; gain = 478.379
---------------------------------------------------------------------------------

Report Check Netlist: 
+------+------------------+-------+---------+-------+------------------+
|      |Item              |Errors |Warnings |Status |Description       |
+------+------------------+-------+---------+-------+------------------+
|1     |multi_driven_nets |      0|        0|Passed |Multi driven nets |
+------+------------------+-------+---------+-------+------------------+
---------------------------------------------------------------------------------
Start Renaming Generated Instances
---------------------------------------------------------------------------------
---------------------------------------------------------------------------------
Finished Renaming Generated Instances : Time (s): cpu = 00:01:27 ; elapsed = 00:01:34 . Memory (MB): peak = 725.777 ; gain = 478.379
---------------------------------------------------------------------------------

Report RTL Partitions: 
+-+--------------+------------+----------+
| |RTL Partition |Replication |Instances |
+-+--------------+------------+----------+
+-+--------------+------------+----------+
---------------------------------------------------------------------------------
Start Rebuilding User Hierarchy
---------------------------------------------------------------------------------
---------------------------------------------------------------------------------
Finished Rebuilding User Hierarchy : Time (s): cpu = 00:01:27 ; elapsed = 00:01:34 . Memory (MB): peak = 725.777 ; gain = 478.379
---------------------------------------------------------------------------------
---------------------------------------------------------------------------------
Start Renaming Generated Ports
---------------------------------------------------------------------------------
---------------------------------------------------------------------------------
Finished Renaming Generated Ports : Time (s): cpu = 00:01:27 ; elapsed = 00:01:34 . Memory (MB): peak = 725.777 ; gain = 478.379
---------------------------------------------------------------------------------
---------------------------------------------------------------------------------
Start Handling Custom Attributes
---------------------------------------------------------------------------------
---------------------------------------------------------------------------------
Finished Handling Custom Attributes : Time (s): cpu = 00:01:27 ; elapsed = 00:01:34 . Memory (MB): peak = 725.777 ; gain = 478.379
---------------------------------------------------------------------------------
---------------------------------------------------------------------------------
Start Renaming Generated Nets
---------------------------------------------------------------------------------
---------------------------------------------------------------------------------
Finished Renaming Generated Nets : Time (s): cpu = 00:01:27 ; elapsed = 00:01:34 . Memory (MB): peak = 725.777 ; gain = 478.379
---------------------------------------------------------------------------------
---------------------------------------------------------------------------------
Start Writing Synthesis Report
---------------------------------------------------------------------------------

Report BlackBoxes: 
+-+--------------+----------+
| |BlackBox name |Instances |
+-+--------------+----------+
+-+--------------+----------+

Report Cell Usage: 
+-+-----+------+
| |Cell |Count |
+-+-----+------+
+-+-----+------+

Report Instance Areas: 
+------+---------+-------+------+
|      |Instance |Module |Cells |
+------+---------+-------+------+
|1     |top      |       |     0|
+------+---------+-------+------+
---------------------------------------------------------------------------------
Finished Writing Synthesis Report : Time (s): cpu = 00:01:27 ; elapsed = 00:01:34 . Memory (MB): peak = 725.777 ; gain = 478.379
---------------------------------------------------------------------------------
Synthesis finished with 0 errors, 0 critical warnings and 0 warnings.
Synthesis Optimization Runtime : Time (s): cpu = 00:00:50 ; elapsed = 00:01:09 . Memory (MB): peak = 725.777 ; gain = 201.539
Synthesis Optimization Complete : Time (s): cpu = 00:01:27 ; elapsed = 00:01:35 . Memory (MB): peak = 725.777 ; gain = 478.379
INFO: [Project 1-571] Translating synthesized netlist
INFO: [Project 1-570] Preparing netlist for logic optimization
INFO: [Opt 31-138] Pushed 0 inverter(s) to 0 load pin(s).
Netlist sorting complete. Time (s): cpu = 00:00:00 ; elapsed = 00:00:00 . Memory (MB): peak = 737.773 ; gain = 0.000
INFO: [Project 1-111] Unisim Transformation Summary:
No Unisim elements were transformed.

INFO: [Common 17-83] Releasing license: Synthesis
14 Infos, 98 Warnings, 97 Critical Warnings and 0 Errors encountered.
synth_design completed successfully
synth_design: Time (s): cpu = 00:01:33 ; elapsed = 00:01:41 . Memory (MB): peak = 737.773 ; gain = 490.469
Netlist sorting complete. Time (s): cpu = 00:00:00 ; elapsed = 00:00:00 . Memory (MB): peak = 737.773 ; gain = 0.000
WARNING: [Constraints 18-5210] No constraints selected for write.
Resolution: This message can indicate that there are no constraints for the design, or it can indicate that the used_in flags are set such that the constraints are ignored. This later case is used when running synth_design to not write synthesis constraints to the resulting checkpoint. Instead, project constraints are read when the synthesized design is opened.
INFO: [Common 17-1381] The checkpoint 'C:/Users/leste/Downloads/Tarea_06-03-2019/Tarea_06-03-2019.runs/synth_1/tb_alu.dcp' has been generated.
INFO: [runtcl-4] Executing : report_utilization -file tb_alu_utilization_synth.rpt -pb tb_alu_utilization_synth.pb
INFO: [Common 17-206] Exiting Vivado at Wed Mar  6 06:51:08 2019...
